Vivado Simulator 2018.3
Copyright 1986-1999, 2001-2018 Xilinx, Inc. All Rights Reserved.
Running: C:/Xilinx/Vivado/2018.3/bin/unwrapped/win64.o/xelab.exe -wto 8b734addc2e945778c9873fbdc322b6e --incr --debug typical --relax --mt 2 -L xil_defaultlib -L secureip --snapshot tb_EightVedic_behav xil_defaultlib.tb_EightVedic -log elaborate.log 
Using 2 slave threads.
Starting static elaboration
Completed static elaboration
Starting simulation data flow analysis
Completed simulation data flow analysis
Time Resolution for simulation is 1ps
Compiling package std.standard
Compiling package std.textio
Compiling package ieee.std_logic_1164
Compiling package ieee.numeric_std
Compiling architecture behavioral of entity xil_defaultlib.HalfAdder [halfadder_default]
Compiling architecture behavioral of entity xil_defaultlib.twoVedic [twovedic_default]
Compiling architecture behavioral of entity xil_defaultlib.FullAdder [fulladder_default]
Compiling architecture behavioral of entity xil_defaultlib.RCA_4bits [rca_4bits_default]
Compiling architecture behavioral of entity xil_defaultlib.FourVedic [fourvedic_default]
Compiling architecture behavioral of entity xil_defaultlib.RCA_8bits [rca_8bits_default]
Compiling architecture behavioral of entity xil_defaultlib.EightVedic [eightvedic_default]
Compiling architecture behavioral of entity xil_defaultlib.tb_eightvedic
Built simulation snapshot tb_EightVedic_behav
