
*** Running vivado
    with args -log MAC.vds -m64 -product Vivado -mode batch -messageDb vivado.pb -notrace -source MAC.tcl


****** Vivado v2018.3 (64-bit)
  **** SW Build 2405991 on Thu Dec  6 23:38:27 MST 2018
  **** IP Build 2404404 on Fri Dec  7 01:43:56 MST 2018
    ** Copyright 1986-2018 Xilinx, Inc. All Rights Reserved.

source MAC.tcl -notrace
Command: synth_design -top MAC -part xc7a100tcsg324-1
Starting synth_design
Attempting to get a license for feature 'Synthesis' and/or device 'xc7a100t'
INFO: [Common 17-349] Got license for feature 'Synthesis' and/or device 'xc7a100t'
INFO: Launching helper process for spawning children vivado processes
INFO: Helper process launched with PID 12384 
---------------------------------------------------------------------------------
Starting RTL Elaboration : Time (s): cpu = 00:00:05 ; elapsed = 00:00:06 . Memory (MB): peak = 437.531 ; gain = 97.984
---------------------------------------------------------------------------------
INFO: [Synth 8-638] synthesizing module 'MAC' [C:/Users/Carmen/Desktop/Memoria/Codigo_VHDL/MAC_8bits/MAC_8bits.srcs/sources_1/new/MAC.vhd:24]
	Parameter ninputs bound to: 2 - type: integer 
INFO: [Synth 8-3491] module 'dadda_multi' declared at 'C:/Users/Carmen/Desktop/Memoria/Codigo_VHDL/MAC_8bits/MAC_8bits.srcs/sources_1/imports/dadda_mult-master/dadda_multi.vhd:10' bound to instance 'MUX_X' of component 'dadda_multi' [C:/Users/Carmen/Desktop/Memoria/Codigo_VHDL/MAC_8bits/MAC_8bits.srcs/sources_1/new/MAC.vhd:76]
INFO: [Synth 8-638] synthesizing module 'dadda_multi' [C:/Users/Carmen/Desktop/Memoria/Codigo_VHDL/MAC_8bits/MAC_8bits.srcs/sources_1/imports/dadda_mult-master/dadda_multi.vhd:20]
INFO: [Synth 8-3491] module 'Twos_complement_input' declared at 'C:/Users/Carmen/Desktop/Memoria/Codigo_VHDL/MAC_8bits/MAC_8bits.srcs/sources_1/imports/Comparison_separately entities/MAC_8b/MAC_8b.srcs/sources_1/new/Twos_complement_input.vhd:9' bound to instance 'INPUT_A' of component 'Twos_complement_input' [C:/Users/Carmen/Desktop/Memoria/Codigo_VHDL/MAC_8bits/MAC_8bits.srcs/sources_1/imports/dadda_mult-master/dadda_multi.vhd:79]
INFO: [Synth 8-638] synthesizing module 'Twos_complement_input' [C:/Users/Carmen/Desktop/Memoria/Codigo_VHDL/MAC_8bits/MAC_8bits.srcs/sources_1/imports/Comparison_separately entities/MAC_8b/MAC_8b.srcs/sources_1/new/Twos_complement_input.vhd:15]
INFO: [Synth 8-256] done synthesizing module 'Twos_complement_input' (1#1) [C:/Users/Carmen/Desktop/Memoria/Codigo_VHDL/MAC_8bits/MAC_8bits.srcs/sources_1/imports/Comparison_separately entities/MAC_8b/MAC_8b.srcs/sources_1/new/Twos_complement_input.vhd:15]
INFO: [Synth 8-3491] module 'Twos_complement_input' declared at 'C:/Users/Carmen/Desktop/Memoria/Codigo_VHDL/MAC_8bits/MAC_8bits.srcs/sources_1/imports/Comparison_separately entities/MAC_8b/MAC_8b.srcs/sources_1/new/Twos_complement_input.vhd:9' bound to instance 'INPUT_B' of component 'Twos_complement_input' [C:/Users/Carmen/Desktop/Memoria/Codigo_VHDL/MAC_8bits/MAC_8bits.srcs/sources_1/imports/dadda_mult-master/dadda_multi.vhd:84]
INFO: [Synth 8-3491] module 'Twos_complement_output' declared at 'C:/Users/Carmen/Desktop/Memoria/Codigo_VHDL/MAC_8bits/MAC_8bits.srcs/sources_1/imports/Comparison_separately entities/MAC_8b/MAC_8b.srcs/sources_1/new/Twos_complement_output.vhd:9' bound to instance 'OUTPUT' of component 'Twos_complement_output' [C:/Users/Carmen/Desktop/Memoria/Codigo_VHDL/MAC_8bits/MAC_8bits.srcs/sources_1/imports/dadda_mult-master/dadda_multi.vhd:325]
INFO: [Synth 8-638] synthesizing module 'Twos_complement_output' [C:/Users/Carmen/Desktop/Memoria/Codigo_VHDL/MAC_8bits/MAC_8bits.srcs/sources_1/imports/Comparison_separately entities/MAC_8b/MAC_8b.srcs/sources_1/new/Twos_complement_output.vhd:15]
INFO: [Synth 8-256] done synthesizing module 'Twos_complement_output' (2#1) [C:/Users/Carmen/Desktop/Memoria/Codigo_VHDL/MAC_8bits/MAC_8bits.srcs/sources_1/imports/Comparison_separately entities/MAC_8b/MAC_8b.srcs/sources_1/new/Twos_complement_output.vhd:15]
WARNING: [Synth 8-5974] attribute "use_dsp48" has been deprecated, please use "use_dsp" instead 
INFO: [Synth 8-256] done synthesizing module 'dadda_multi' (3#1) [C:/Users/Carmen/Desktop/Memoria/Codigo_VHDL/MAC_8bits/MAC_8bits.srcs/sources_1/imports/dadda_mult-master/dadda_multi.vhd:20]
INFO: [Synth 8-3491] module 'dadda_multi' declared at 'C:/Users/Carmen/Desktop/Memoria/Codigo_VHDL/MAC_8bits/MAC_8bits.srcs/sources_1/imports/dadda_mult-master/dadda_multi.vhd:10' bound to instance 'MUX_X' of component 'dadda_multi' [C:/Users/Carmen/Desktop/Memoria/Codigo_VHDL/MAC_8bits/MAC_8bits.srcs/sources_1/new/MAC.vhd:76]
INFO: [Synth 8-3491] module 'dadda_multi' declared at 'C:/Users/Carmen/Desktop/Memoria/Codigo_VHDL/MAC_8bits/MAC_8bits.srcs/sources_1/imports/dadda_mult-master/dadda_multi.vhd:10' bound to instance 'MUX_X' of component 'dadda_multi' [C:/Users/Carmen/Desktop/Memoria/Codigo_VHDL/MAC_8bits/MAC_8bits.srcs/sources_1/new/MAC.vhd:76]
INFO: [Synth 8-3491] module 'dadda_multi' declared at 'C:/Users/Carmen/Desktop/Memoria/Codigo_VHDL/MAC_8bits/MAC_8bits.srcs/sources_1/imports/dadda_mult-master/dadda_multi.vhd:10' bound to instance 'MUX_X' of component 'dadda_multi' [C:/Users/Carmen/Desktop/Memoria/Codigo_VHDL/MAC_8bits/MAC_8bits.srcs/sources_1/new/MAC.vhd:76]
INFO: [Synth 8-3491] module 'dadda_multi' declared at 'C:/Users/Carmen/Desktop/Memoria/Codigo_VHDL/MAC_8bits/MAC_8bits.srcs/sources_1/imports/dadda_mult-master/dadda_multi.vhd:10' bound to instance 'MUX_X' of component 'dadda_multi' [C:/Users/Carmen/Desktop/Memoria/Codigo_VHDL/MAC_8bits/MAC_8bits.srcs/sources_1/new/MAC.vhd:76]
INFO: [Synth 8-3491] module 'dadda_multi' declared at 'C:/Users/Carmen/Desktop/Memoria/Codigo_VHDL/MAC_8bits/MAC_8bits.srcs/sources_1/imports/dadda_mult-master/dadda_multi.vhd:10' bound to instance 'MUX_X' of component 'dadda_multi' [C:/Users/Carmen/Desktop/Memoria/Codigo_VHDL/MAC_8bits/MAC_8bits.srcs/sources_1/new/MAC.vhd:76]
INFO: [Synth 8-3491] module 'dadda_multi' declared at 'C:/Users/Carmen/Desktop/Memoria/Codigo_VHDL/MAC_8bits/MAC_8bits.srcs/sources_1/imports/dadda_mult-master/dadda_multi.vhd:10' bound to instance 'MUX_X' of component 'dadda_multi' [C:/Users/Carmen/Desktop/Memoria/Codigo_VHDL/MAC_8bits/MAC_8bits.srcs/sources_1/new/MAC.vhd:76]
INFO: [Synth 8-3491] module 'dadda_multi' declared at 'C:/Users/Carmen/Desktop/Memoria/Codigo_VHDL/MAC_8bits/MAC_8bits.srcs/sources_1/imports/dadda_mult-master/dadda_multi.vhd:10' bound to instance 'MUX_X' of component 'dadda_multi' [C:/Users/Carmen/Desktop/Memoria/Codigo_VHDL/MAC_8bits/MAC_8bits.srcs/sources_1/new/MAC.vhd:76]
INFO: [Synth 8-3491] module 'CSA' declared at 'C:/Users/Carmen/Desktop/Memoria/Codigo_VHDL/MAC_8bits/MAC_8bits.srcs/sources_1/new/CSA.vhd:8' bound to instance 'SUM_X' of component 'CSA' [C:/Users/Carmen/Desktop/Memoria/Codigo_VHDL/MAC_8bits/MAC_8bits.srcs/sources_1/new/MAC.vhd:84]
INFO: [Synth 8-638] synthesizing module 'CSA' [C:/Users/Carmen/Desktop/Memoria/Codigo_VHDL/MAC_8bits/MAC_8bits.srcs/sources_1/new/CSA.vhd:16]
INFO: [Synth 8-3491] module 'RCA_4b' declared at 'C:/Users/Carmen/Desktop/Memoria/Codigo_VHDL/MAC_8bits/MAC_8bits.srcs/sources_1/imports/Comparison_separately entities/CarrySelectAdder/CarrySelectAdder.srcs/sources_1/imports/COMPARATIVAS/RCA_4b.vhd:10' bound to instance 'RCA_03_1' of component 'RCA_4b' [C:/Users/Carmen/Desktop/Memoria/Codigo_VHDL/MAC_8bits/MAC_8bits.srcs/sources_1/new/CSA.vhd:69]
INFO: [Synth 8-638] synthesizing module 'RCA_4b' [C:/Users/Carmen/Desktop/Memoria/Codigo_VHDL/MAC_8bits/MAC_8bits.srcs/sources_1/imports/Comparison_separately entities/CarrySelectAdder/CarrySelectAdder.srcs/sources_1/imports/COMPARATIVAS/RCA_4b.vhd:18]
INFO: [Synth 8-3491] module 'FA' declared at 'C:/Users/Carmen/Desktop/Memoria/Codigo_VHDL/MAC_8bits/MAC_8bits.srcs/sources_1/imports/Comparison_separately entities/CarrySelectAdder/CarrySelectAdder.srcs/sources_1/imports/COMPARATIVAS/FA.vhd:5' bound to instance 'FA0' of component 'FA' [C:/Users/Carmen/Desktop/Memoria/Codigo_VHDL/MAC_8bits/MAC_8bits.srcs/sources_1/imports/Comparison_separately entities/CarrySelectAdder/CarrySelectAdder.srcs/sources_1/imports/COMPARATIVAS/RCA_4b.vhd:32]
INFO: [Synth 8-638] synthesizing module 'FA' [C:/Users/Carmen/Desktop/Memoria/Codigo_VHDL/MAC_8bits/MAC_8bits.srcs/sources_1/imports/Comparison_separately entities/CarrySelectAdder/CarrySelectAdder.srcs/sources_1/imports/COMPARATIVAS/FA.vhd:13]
INFO: [Synth 8-256] done synthesizing module 'FA' (4#1) [C:/Users/Carmen/Desktop/Memoria/Codigo_VHDL/MAC_8bits/MAC_8bits.srcs/sources_1/imports/Comparison_separately entities/CarrySelectAdder/CarrySelectAdder.srcs/sources_1/imports/COMPARATIVAS/FA.vhd:13]
INFO: [Synth 8-3491] module 'FA' declared at 'C:/Users/Carmen/Desktop/Memoria/Codigo_VHDL/MAC_8bits/MAC_8bits.srcs/sources_1/imports/Comparison_separately entities/CarrySelectAdder/CarrySelectAdder.srcs/sources_1/imports/COMPARATIVAS/FA.vhd:5' bound to instance 'FA1' of component 'FA' [C:/Users/Carmen/Desktop/Memoria/Codigo_VHDL/MAC_8bits/MAC_8bits.srcs/sources_1/imports/Comparison_separately entities/CarrySelectAdder/CarrySelectAdder.srcs/sources_1/imports/COMPARATIVAS/RCA_4b.vhd:39]
INFO: [Synth 8-3491] module 'FA' declared at 'C:/Users/Carmen/Desktop/Memoria/Codigo_VHDL/MAC_8bits/MAC_8bits.srcs/sources_1/imports/Comparison_separately entities/CarrySelectAdder/CarrySelectAdder.srcs/sources_1/imports/COMPARATIVAS/FA.vhd:5' bound to instance 'FA2' of component 'FA' [C:/Users/Carmen/Desktop/Memoria/Codigo_VHDL/MAC_8bits/MAC_8bits.srcs/sources_1/imports/Comparison_separately entities/CarrySelectAdder/CarrySelectAdder.srcs/sources_1/imports/COMPARATIVAS/RCA_4b.vhd:46]
INFO: [Synth 8-3491] module 'FA' declared at 'C:/Users/Carmen/Desktop/Memoria/Codigo_VHDL/MAC_8bits/MAC_8bits.srcs/sources_1/imports/Comparison_separately entities/CarrySelectAdder/CarrySelectAdder.srcs/sources_1/imports/COMPARATIVAS/FA.vhd:5' bound to instance 'FA3' of component 'FA' [C:/Users/Carmen/Desktop/Memoria/Codigo_VHDL/MAC_8bits/MAC_8bits.srcs/sources_1/imports/Comparison_separately entities/CarrySelectAdder/CarrySelectAdder.srcs/sources_1/imports/COMPARATIVAS/RCA_4b.vhd:53]
INFO: [Synth 8-256] done synthesizing module 'RCA_4b' (5#1) [C:/Users/Carmen/Desktop/Memoria/Codigo_VHDL/MAC_8bits/MAC_8bits.srcs/sources_1/imports/Comparison_separately entities/CarrySelectAdder/CarrySelectAdder.srcs/sources_1/imports/COMPARATIVAS/RCA_4b.vhd:18]
INFO: [Synth 8-3491] module 'RCA_4b' declared at 'C:/Users/Carmen/Desktop/Memoria/Codigo_VHDL/MAC_8bits/MAC_8bits.srcs/sources_1/imports/Comparison_separately entities/CarrySelectAdder/CarrySelectAdder.srcs/sources_1/imports/COMPARATIVAS/RCA_4b.vhd:10' bound to instance 'RCA_03_0' of component 'RCA_4b' [C:/Users/Carmen/Desktop/Memoria/Codigo_VHDL/MAC_8bits/MAC_8bits.srcs/sources_1/new/CSA.vhd:75]
INFO: [Synth 8-3491] module 'mux_2to1' declared at 'C:/Users/Carmen/Desktop/Memoria/Codigo_VHDL/MAC_8bits/MAC_8bits.srcs/sources_1/imports/Comparison_separately entities/CarrySelectAdder/CarrySelectAdder.srcs/sources_1/imports/COMPARATIVAS/mux_2to1.vhd:8' bound to instance 'MUX_X' of component 'mux_2to1' [C:/Users/Carmen/Desktop/Memoria/Codigo_VHDL/MAC_8bits/MAC_8bits.srcs/sources_1/new/CSA.vhd:83]
INFO: [Synth 8-638] synthesizing module 'mux_2to1' [C:/Users/Carmen/Desktop/Memoria/Codigo_VHDL/MAC_8bits/MAC_8bits.srcs/sources_1/imports/Comparison_separately entities/CarrySelectAdder/CarrySelectAdder.srcs/sources_1/imports/COMPARATIVAS/mux_2to1.vhd:15]
INFO: [Synth 8-256] done synthesizing module 'mux_2to1' (6#1) [C:/Users/Carmen/Desktop/Memoria/Codigo_VHDL/MAC_8bits/MAC_8bits.srcs/sources_1/imports/Comparison_separately entities/CarrySelectAdder/CarrySelectAdder.srcs/sources_1/imports/COMPARATIVAS/mux_2to1.vhd:15]
INFO: [Synth 8-3491] module 'mux_2to1' declared at 'C:/Users/Carmen/Desktop/Memoria/Codigo_VHDL/MAC_8bits/MAC_8bits.srcs/sources_1/imports/Comparison_separately entities/CarrySelectAdder/CarrySelectAdder.srcs/sources_1/imports/COMPARATIVAS/mux_2to1.vhd:8' bound to instance 'MUX_X' of component 'mux_2to1' [C:/Users/Carmen/Desktop/Memoria/Codigo_VHDL/MAC_8bits/MAC_8bits.srcs/sources_1/new/CSA.vhd:83]
INFO: [Synth 8-3491] module 'mux_2to1' declared at 'C:/Users/Carmen/Desktop/Memoria/Codigo_VHDL/MAC_8bits/MAC_8bits.srcs/sources_1/imports/Comparison_separately entities/CarrySelectAdder/CarrySelectAdder.srcs/sources_1/imports/COMPARATIVAS/mux_2to1.vhd:8' bound to instance 'MUX_X' of component 'mux_2to1' [C:/Users/Carmen/Desktop/Memoria/Codigo_VHDL/MAC_8bits/MAC_8bits.srcs/sources_1/new/CSA.vhd:83]
INFO: [Synth 8-3491] module 'mux_2to1' declared at 'C:/Users/Carmen/Desktop/Memoria/Codigo_VHDL/MAC_8bits/MAC_8bits.srcs/sources_1/imports/Comparison_separately entities/CarrySelectAdder/CarrySelectAdder.srcs/sources_1/imports/COMPARATIVAS/mux_2to1.vhd:8' bound to instance 'MUX_X' of component 'mux_2to1' [C:/Users/Carmen/Desktop/Memoria/Codigo_VHDL/MAC_8bits/MAC_8bits.srcs/sources_1/new/CSA.vhd:83]
INFO: [Synth 8-3491] module 'RCA_4b' declared at 'C:/Users/Carmen/Desktop/Memoria/Codigo_VHDL/MAC_8bits/MAC_8bits.srcs/sources_1/imports/Comparison_separately entities/CarrySelectAdder/CarrySelectAdder.srcs/sources_1/imports/COMPARATIVAS/RCA_4b.vhd:10' bound to instance 'RCA_X_1' of component 'RCA_4b' [C:/Users/Carmen/Desktop/Memoria/Codigo_VHDL/MAC_8bits/MAC_8bits.srcs/sources_1/new/CSA.vhd:93]
INFO: [Synth 8-3491] module 'RCA_4b' declared at 'C:/Users/Carmen/Desktop/Memoria/Codigo_VHDL/MAC_8bits/MAC_8bits.srcs/sources_1/imports/Comparison_separately entities/CarrySelectAdder/CarrySelectAdder.srcs/sources_1/imports/COMPARATIVAS/RCA_4b.vhd:10' bound to instance 'RCA_X_0' of component 'RCA_4b' [C:/Users/Carmen/Desktop/Memoria/Codigo_VHDL/MAC_8bits/MAC_8bits.srcs/sources_1/new/CSA.vhd:99]
INFO: [Synth 8-3491] module 'mux_2to1' declared at 'C:/Users/Carmen/Desktop/Memoria/Codigo_VHDL/MAC_8bits/MAC_8bits.srcs/sources_1/imports/Comparison_separately entities/CarrySelectAdder/CarrySelectAdder.srcs/sources_1/imports/COMPARATIVAS/mux_2to1.vhd:8' bound to instance 'MUX_X' of component 'mux_2to1' [C:/Users/Carmen/Desktop/Memoria/Codigo_VHDL/MAC_8bits/MAC_8bits.srcs/sources_1/new/CSA.vhd:107]
INFO: [Synth 8-3491] module 'mux_2to1' declared at 'C:/Users/Carmen/Desktop/Memoria/Codigo_VHDL/MAC_8bits/MAC_8bits.srcs/sources_1/imports/Comparison_separately entities/CarrySelectAdder/CarrySelectAdder.srcs/sources_1/imports/COMPARATIVAS/mux_2to1.vhd:8' bound to instance 'MUX_X' of component 'mux_2to1' [C:/Users/Carmen/Desktop/Memoria/Codigo_VHDL/MAC_8bits/MAC_8bits.srcs/sources_1/new/CSA.vhd:107]
INFO: [Synth 8-3491] module 'mux_2to1' declared at 'C:/Users/Carmen/Desktop/Memoria/Codigo_VHDL/MAC_8bits/MAC_8bits.srcs/sources_1/imports/Comparison_separately entities/CarrySelectAdder/CarrySelectAdder.srcs/sources_1/imports/COMPARATIVAS/mux_2to1.vhd:8' bound to instance 'MUX_X' of component 'mux_2to1' [C:/Users/Carmen/Desktop/Memoria/Codigo_VHDL/MAC_8bits/MAC_8bits.srcs/sources_1/new/CSA.vhd:107]
INFO: [Synth 8-3491] module 'mux_2to1' declared at 'C:/Users/Carmen/Desktop/Memoria/Codigo_VHDL/MAC_8bits/MAC_8bits.srcs/sources_1/imports/Comparison_separately entities/CarrySelectAdder/CarrySelectAdder.srcs/sources_1/imports/COMPARATIVAS/mux_2to1.vhd:8' bound to instance 'MUX_X' of component 'mux_2to1' [C:/Users/Carmen/Desktop/Memoria/Codigo_VHDL/MAC_8bits/MAC_8bits.srcs/sources_1/new/CSA.vhd:107]
INFO: [Synth 8-3491] module 'RCA_4b' declared at 'C:/Users/Carmen/Desktop/Memoria/Codigo_VHDL/MAC_8bits/MAC_8bits.srcs/sources_1/imports/Comparison_separately entities/CarrySelectAdder/CarrySelectAdder.srcs/sources_1/imports/COMPARATIVAS/RCA_4b.vhd:10' bound to instance 'RCA_X_1' of component 'RCA_4b' [C:/Users/Carmen/Desktop/Memoria/Codigo_VHDL/MAC_8bits/MAC_8bits.srcs/sources_1/new/CSA.vhd:93]
INFO: [Synth 8-3491] module 'RCA_4b' declared at 'C:/Users/Carmen/Desktop/Memoria/Codigo_VHDL/MAC_8bits/MAC_8bits.srcs/sources_1/imports/Comparison_separately entities/CarrySelectAdder/CarrySelectAdder.srcs/sources_1/imports/COMPARATIVAS/RCA_4b.vhd:10' bound to instance 'RCA_X_0' of component 'RCA_4b' [C:/Users/Carmen/Desktop/Memoria/Codigo_VHDL/MAC_8bits/MAC_8bits.srcs/sources_1/new/CSA.vhd:99]
INFO: [Synth 8-3491] module 'mux_2to1' declared at 'C:/Users/Carmen/Desktop/Memoria/Codigo_VHDL/MAC_8bits/MAC_8bits.srcs/sources_1/imports/Comparison_separately entities/CarrySelectAdder/CarrySelectAdder.srcs/sources_1/imports/COMPARATIVAS/mux_2to1.vhd:8' bound to instance 'MUX_X' of component 'mux_2to1' [C:/Users/Carmen/Desktop/Memoria/Codigo_VHDL/MAC_8bits/MAC_8bits.srcs/sources_1/new/CSA.vhd:107]
INFO: [Synth 8-3491] module 'mux_2to1' declared at 'C:/Users/Carmen/Desktop/Memoria/Codigo_VHDL/MAC_8bits/MAC_8bits.srcs/sources_1/imports/Comparison_separately entities/CarrySelectAdder/CarrySelectAdder.srcs/sources_1/imports/COMPARATIVAS/mux_2to1.vhd:8' bound to instance 'MUX_X' of component 'mux_2to1' [C:/Users/Carmen/Desktop/Memoria/Codigo_VHDL/MAC_8bits/MAC_8bits.srcs/sources_1/new/CSA.vhd:107]
INFO: [Synth 8-3491] module 'mux_2to1' declared at 'C:/Users/Carmen/Desktop/Memoria/Codigo_VHDL/MAC_8bits/MAC_8bits.srcs/sources_1/imports/Comparison_separately entities/CarrySelectAdder/CarrySelectAdder.srcs/sources_1/imports/COMPARATIVAS/mux_2to1.vhd:8' bound to instance 'MUX_X' of component 'mux_2to1' [C:/Users/Carmen/Desktop/Memoria/Codigo_VHDL/MAC_8bits/MAC_8bits.srcs/sources_1/new/CSA.vhd:107]
INFO: [Synth 8-3491] module 'mux_2to1' declared at 'C:/Users/Carmen/Desktop/Memoria/Codigo_VHDL/MAC_8bits/MAC_8bits.srcs/sources_1/imports/Comparison_separately entities/CarrySelectAdder/CarrySelectAdder.srcs/sources_1/imports/COMPARATIVAS/mux_2to1.vhd:8' bound to instance 'MUX_X' of component 'mux_2to1' [C:/Users/Carmen/Desktop/Memoria/Codigo_VHDL/MAC_8bits/MAC_8bits.srcs/sources_1/new/CSA.vhd:107]
INFO: [Synth 8-3491] module 'RCA_4b' declared at 'C:/Users/Carmen/Desktop/Memoria/Codigo_VHDL/MAC_8bits/MAC_8bits.srcs/sources_1/imports/Comparison_separately entities/CarrySelectAdder/CarrySelectAdder.srcs/sources_1/imports/COMPARATIVAS/RCA_4b.vhd:10' bound to instance 'RCA_X_1' of component 'RCA_4b' [C:/Users/Carmen/Desktop/Memoria/Codigo_VHDL/MAC_8bits/MAC_8bits.srcs/sources_1/new/CSA.vhd:93]
INFO: [Synth 8-3491] module 'RCA_4b' declared at 'C:/Users/Carmen/Desktop/Memoria/Codigo_VHDL/MAC_8bits/MAC_8bits.srcs/sources_1/imports/Comparison_separately entities/CarrySelectAdder/CarrySelectAdder.srcs/sources_1/imports/COMPARATIVAS/RCA_4b.vhd:10' bound to instance 'RCA_X_0' of component 'RCA_4b' [C:/Users/Carmen/Desktop/Memoria/Codigo_VHDL/MAC_8bits/MAC_8bits.srcs/sources_1/new/CSA.vhd:99]
INFO: [Synth 8-3491] module 'mux_2to1' declared at 'C:/Users/Carmen/Desktop/Memoria/Codigo_VHDL/MAC_8bits/MAC_8bits.srcs/sources_1/imports/Comparison_separately entities/CarrySelectAdder/CarrySelectAdder.srcs/sources_1/imports/COMPARATIVAS/mux_2to1.vhd:8' bound to instance 'MUX_X' of component 'mux_2to1' [C:/Users/Carmen/Desktop/Memoria/Codigo_VHDL/MAC_8bits/MAC_8bits.srcs/sources_1/new/CSA.vhd:107]
INFO: [Synth 8-3491] module 'mux_2to1' declared at 'C:/Users/Carmen/Desktop/Memoria/Codigo_VHDL/MAC_8bits/MAC_8bits.srcs/sources_1/imports/Comparison_separately entities/CarrySelectAdder/CarrySelectAdder.srcs/sources_1/imports/COMPARATIVAS/mux_2to1.vhd:8' bound to instance 'MUX_X' of component 'mux_2to1' [C:/Users/Carmen/Desktop/Memoria/Codigo_VHDL/MAC_8bits/MAC_8bits.srcs/sources_1/new/CSA.vhd:107]
INFO: [Synth 8-3491] module 'mux_2to1' declared at 'C:/Users/Carmen/Desktop/Memoria/Codigo_VHDL/MAC_8bits/MAC_8bits.srcs/sources_1/imports/Comparison_separately entities/CarrySelectAdder/CarrySelectAdder.srcs/sources_1/imports/COMPARATIVAS/mux_2to1.vhd:8' bound to instance 'MUX_X' of component 'mux_2to1' [C:/Users/Carmen/Desktop/Memoria/Codigo_VHDL/MAC_8bits/MAC_8bits.srcs/sources_1/new/CSA.vhd:107]
INFO: [Synth 8-3491] module 'mux_2to1' declared at 'C:/Users/Carmen/Desktop/Memoria/Codigo_VHDL/MAC_8bits/MAC_8bits.srcs/sources_1/imports/Comparison_separately entities/CarrySelectAdder/CarrySelectAdder.srcs/sources_1/imports/COMPARATIVAS/mux_2to1.vhd:8' bound to instance 'MUX_X' of component 'mux_2to1' [C:/Users/Carmen/Desktop/Memoria/Codigo_VHDL/MAC_8bits/MAC_8bits.srcs/sources_1/new/CSA.vhd:107]
INFO: [Synth 8-3491] module 'RCA_4b' declared at 'C:/Users/Carmen/Desktop/Memoria/Codigo_VHDL/MAC_8bits/MAC_8bits.srcs/sources_1/imports/Comparison_separately entities/CarrySelectAdder/CarrySelectAdder.srcs/sources_1/imports/COMPARATIVAS/RCA_4b.vhd:10' bound to instance 'RCA_N4N1_1' of component 'RCA_4b' [C:/Users/Carmen/Desktop/Memoria/Codigo_VHDL/MAC_8bits/MAC_8bits.srcs/sources_1/new/CSA.vhd:116]
INFO: [Synth 8-3491] module 'RCA_4b' declared at 'C:/Users/Carmen/Desktop/Memoria/Codigo_VHDL/MAC_8bits/MAC_8bits.srcs/sources_1/imports/Comparison_separately entities/CarrySelectAdder/CarrySelectAdder.srcs/sources_1/imports/COMPARATIVAS/RCA_4b.vhd:10' bound to instance 'RCA_N4N1_0' of component 'RCA_4b' [C:/Users/Carmen/Desktop/Memoria/Codigo_VHDL/MAC_8bits/MAC_8bits.srcs/sources_1/new/CSA.vhd:122]
INFO: [Synth 8-3491] module 'mux_2to1' declared at 'C:/Users/Carmen/Desktop/Memoria/Codigo_VHDL/MAC_8bits/MAC_8bits.srcs/sources_1/imports/Comparison_separately entities/CarrySelectAdder/CarrySelectAdder.srcs/sources_1/imports/COMPARATIVAS/mux_2to1.vhd:8' bound to instance 'MUX_X' of component 'mux_2to1' [C:/Users/Carmen/Desktop/Memoria/Codigo_VHDL/MAC_8bits/MAC_8bits.srcs/sources_1/new/CSA.vhd:130]
INFO: [Synth 8-3491] module 'mux_2to1' declared at 'C:/Users/Carmen/Desktop/Memoria/Codigo_VHDL/MAC_8bits/MAC_8bits.srcs/sources_1/imports/Comparison_separately entities/CarrySelectAdder/CarrySelectAdder.srcs/sources_1/imports/COMPARATIVAS/mux_2to1.vhd:8' bound to instance 'MUX_X' of component 'mux_2to1' [C:/Users/Carmen/Desktop/Memoria/Codigo_VHDL/MAC_8bits/MAC_8bits.srcs/sources_1/new/CSA.vhd:130]
INFO: [Synth 8-3491] module 'mux_2to1' declared at 'C:/Users/Carmen/Desktop/Memoria/Codigo_VHDL/MAC_8bits/MAC_8bits.srcs/sources_1/imports/Comparison_separately entities/CarrySelectAdder/CarrySelectAdder.srcs/sources_1/imports/COMPARATIVAS/mux_2to1.vhd:8' bound to instance 'MUX_X' of component 'mux_2to1' [C:/Users/Carmen/Desktop/Memoria/Codigo_VHDL/MAC_8bits/MAC_8bits.srcs/sources_1/new/CSA.vhd:130]
INFO: [Synth 8-3491] module 'mux_2to1' declared at 'C:/Users/Carmen/Desktop/Memoria/Codigo_VHDL/MAC_8bits/MAC_8bits.srcs/sources_1/imports/Comparison_separately entities/CarrySelectAdder/CarrySelectAdder.srcs/sources_1/imports/COMPARATIVAS/mux_2to1.vhd:8' bound to instance 'MUX_X' of component 'mux_2to1' [C:/Users/Carmen/Desktop/Memoria/Codigo_VHDL/MAC_8bits/MAC_8bits.srcs/sources_1/new/CSA.vhd:130]
INFO: [Synth 8-3491] module 'mux_2to1' declared at 'C:/Users/Carmen/Desktop/Memoria/Codigo_VHDL/MAC_8bits/MAC_8bits.srcs/sources_1/imports/Comparison_separately entities/CarrySelectAdder/CarrySelectAdder.srcs/sources_1/imports/COMPARATIVAS/mux_2to1.vhd:8' bound to instance 'MUX_COUT' of component 'mux_2to1' [C:/Users/Carmen/Desktop/Memoria/Codigo_VHDL/MAC_8bits/MAC_8bits.srcs/sources_1/new/CSA.vhd:136]
INFO: [Synth 8-256] done synthesizing module 'CSA' (7#1) [C:/Users/Carmen/Desktop/Memoria/Codigo_VHDL/MAC_8bits/MAC_8bits.srcs/sources_1/new/CSA.vhd:16]
INFO: [Synth 8-3491] module 'CSA' declared at 'C:/Users/Carmen/Desktop/Memoria/Codigo_VHDL/MAC_8bits/MAC_8bits.srcs/sources_1/new/CSA.vhd:8' bound to instance 'SUM_X' of component 'CSA' [C:/Users/Carmen/Desktop/Memoria/Codigo_VHDL/MAC_8bits/MAC_8bits.srcs/sources_1/new/MAC.vhd:84]
INFO: [Synth 8-3491] module 'CSA' declared at 'C:/Users/Carmen/Desktop/Memoria/Codigo_VHDL/MAC_8bits/MAC_8bits.srcs/sources_1/new/CSA.vhd:8' bound to instance 'SUM_X' of component 'CSA' [C:/Users/Carmen/Desktop/Memoria/Codigo_VHDL/MAC_8bits/MAC_8bits.srcs/sources_1/new/MAC.vhd:84]
INFO: [Synth 8-3491] module 'CSA' declared at 'C:/Users/Carmen/Desktop/Memoria/Codigo_VHDL/MAC_8bits/MAC_8bits.srcs/sources_1/new/CSA.vhd:8' bound to instance 'SUM_X' of component 'CSA' [C:/Users/Carmen/Desktop/Memoria/Codigo_VHDL/MAC_8bits/MAC_8bits.srcs/sources_1/new/MAC.vhd:84]
INFO: [Synth 8-3491] module 'CSA' declared at 'C:/Users/Carmen/Desktop/Memoria/Codigo_VHDL/MAC_8bits/MAC_8bits.srcs/sources_1/new/CSA.vhd:8' bound to instance 'SUM_X' of component 'CSA' [C:/Users/Carmen/Desktop/Memoria/Codigo_VHDL/MAC_8bits/MAC_8bits.srcs/sources_1/new/MAC.vhd:93]
INFO: [Synth 8-3491] module 'CSA' declared at 'C:/Users/Carmen/Desktop/Memoria/Codigo_VHDL/MAC_8bits/MAC_8bits.srcs/sources_1/new/CSA.vhd:8' bound to instance 'SUM_X' of component 'CSA' [C:/Users/Carmen/Desktop/Memoria/Codigo_VHDL/MAC_8bits/MAC_8bits.srcs/sources_1/new/MAC.vhd:93]
INFO: [Synth 8-3491] module 'CSA' declared at 'C:/Users/Carmen/Desktop/Memoria/Codigo_VHDL/MAC_8bits/MAC_8bits.srcs/sources_1/new/CSA.vhd:8' bound to instance 'SUM_X' of component 'CSA' [C:/Users/Carmen/Desktop/Memoria/Codigo_VHDL/MAC_8bits/MAC_8bits.srcs/sources_1/new/MAC.vhd:102]
	Parameter ncycles bound to: 0 - type: integer 
INFO: [Synth 8-3491] module 'CSA_ACC' declared at 'C:/Users/Carmen/Desktop/Memoria/Codigo_VHDL/MAC_8bits/MAC_8bits.srcs/sources_1/new/CSA_ACC.vhd:9' bound to instance 'CSA_FINAL' of component 'CSA_ACC' [C:/Users/Carmen/Desktop/Memoria/Codigo_VHDL/MAC_8bits/MAC_8bits.srcs/sources_1/new/MAC.vhd:110]
INFO: [Synth 8-638] synthesizing module 'CSA_ACC' [C:/Users/Carmen/Desktop/Memoria/Codigo_VHDL/MAC_8bits/MAC_8bits.srcs/sources_1/new/CSA_ACC.vhd:18]
	Parameter ncycles bound to: 0 - type: integer 
WARNING: [Synth 8-6774] Null subtype or type declaration found [C:/Users/Carmen/Desktop/Memoria/Codigo_VHDL/MAC_8bits/MAC_8bits.srcs/sources_1/new/CSA_ACC.vhd:40]
WARNING: [Synth 8-3919] null assignment ignored [C:/Users/Carmen/Desktop/Memoria/Codigo_VHDL/MAC_8bits/MAC_8bits.srcs/sources_1/new/CSA_ACC.vhd:40]
WARNING: [Synth 8-6774] Null subtype or type declaration found [C:/Users/Carmen/Desktop/Memoria/Codigo_VHDL/MAC_8bits/MAC_8bits.srcs/sources_1/new/CSA_ACC.vhd:41]
WARNING: [Synth 8-3919] null assignment ignored [C:/Users/Carmen/Desktop/Memoria/Codigo_VHDL/MAC_8bits/MAC_8bits.srcs/sources_1/new/CSA_ACC.vhd:41]
INFO: [Synth 8-3491] module 'RCA_4b' declared at 'C:/Users/Carmen/Desktop/Memoria/Codigo_VHDL/MAC_8bits/MAC_8bits.srcs/sources_1/imports/Comparison_separately entities/CarrySelectAdder/CarrySelectAdder.srcs/sources_1/imports/COMPARATIVAS/RCA_4b.vhd:10' bound to instance 'RCA_03_1' of component 'RCA_4b' [C:/Users/Carmen/Desktop/Memoria/Codigo_VHDL/MAC_8bits/MAC_8bits.srcs/sources_1/new/CSA_ACC.vhd:76]
INFO: [Synth 8-3491] module 'RCA_4b' declared at 'C:/Users/Carmen/Desktop/Memoria/Codigo_VHDL/MAC_8bits/MAC_8bits.srcs/sources_1/imports/Comparison_separately entities/CarrySelectAdder/CarrySelectAdder.srcs/sources_1/imports/COMPARATIVAS/RCA_4b.vhd:10' bound to instance 'RCA_03_0' of component 'RCA_4b' [C:/Users/Carmen/Desktop/Memoria/Codigo_VHDL/MAC_8bits/MAC_8bits.srcs/sources_1/new/CSA_ACC.vhd:82]
INFO: [Synth 8-3491] module 'mux_2to1' declared at 'C:/Users/Carmen/Desktop/Memoria/Codigo_VHDL/MAC_8bits/MAC_8bits.srcs/sources_1/imports/Comparison_separately entities/CarrySelectAdder/CarrySelectAdder.srcs/sources_1/imports/COMPARATIVAS/mux_2to1.vhd:8' bound to instance 'MUX_X' of component 'mux_2to1' [C:/Users/Carmen/Desktop/Memoria/Codigo_VHDL/MAC_8bits/MAC_8bits.srcs/sources_1/new/CSA_ACC.vhd:90]
INFO: [Synth 8-3491] module 'mux_2to1' declared at 'C:/Users/Carmen/Desktop/Memoria/Codigo_VHDL/MAC_8bits/MAC_8bits.srcs/sources_1/imports/Comparison_separately entities/CarrySelectAdder/CarrySelectAdder.srcs/sources_1/imports/COMPARATIVAS/mux_2to1.vhd:8' bound to instance 'MUX_X' of component 'mux_2to1' [C:/Users/Carmen/Desktop/Memoria/Codigo_VHDL/MAC_8bits/MAC_8bits.srcs/sources_1/new/CSA_ACC.vhd:90]
INFO: [Synth 8-3491] module 'mux_2to1' declared at 'C:/Users/Carmen/Desktop/Memoria/Codigo_VHDL/MAC_8bits/MAC_8bits.srcs/sources_1/imports/Comparison_separately entities/CarrySelectAdder/CarrySelectAdder.srcs/sources_1/imports/COMPARATIVAS/mux_2to1.vhd:8' bound to instance 'MUX_X' of component 'mux_2to1' [C:/Users/Carmen/Desktop/Memoria/Codigo_VHDL/MAC_8bits/MAC_8bits.srcs/sources_1/new/CSA_ACC.vhd:90]
INFO: [Synth 8-3491] module 'mux_2to1' declared at 'C:/Users/Carmen/Desktop/Memoria/Codigo_VHDL/MAC_8bits/MAC_8bits.srcs/sources_1/imports/Comparison_separately entities/CarrySelectAdder/CarrySelectAdder.srcs/sources_1/imports/COMPARATIVAS/mux_2to1.vhd:8' bound to instance 'MUX_X' of component 'mux_2to1' [C:/Users/Carmen/Desktop/Memoria/Codigo_VHDL/MAC_8bits/MAC_8bits.srcs/sources_1/new/CSA_ACC.vhd:90]
INFO: [Synth 8-3491] module 'RCA_4b' declared at 'C:/Users/Carmen/Desktop/Memoria/Codigo_VHDL/MAC_8bits/MAC_8bits.srcs/sources_1/imports/Comparison_separately entities/CarrySelectAdder/CarrySelectAdder.srcs/sources_1/imports/COMPARATIVAS/RCA_4b.vhd:10' bound to instance 'RCA_X_1' of component 'RCA_4b' [C:/Users/Carmen/Desktop/Memoria/Codigo_VHDL/MAC_8bits/MAC_8bits.srcs/sources_1/new/CSA_ACC.vhd:100]
INFO: [Synth 8-3491] module 'RCA_4b' declared at 'C:/Users/Carmen/Desktop/Memoria/Codigo_VHDL/MAC_8bits/MAC_8bits.srcs/sources_1/imports/Comparison_separately entities/CarrySelectAdder/CarrySelectAdder.srcs/sources_1/imports/COMPARATIVAS/RCA_4b.vhd:10' bound to instance 'RCA_X_0' of component 'RCA_4b' [C:/Users/Carmen/Desktop/Memoria/Codigo_VHDL/MAC_8bits/MAC_8bits.srcs/sources_1/new/CSA_ACC.vhd:106]
INFO: [Synth 8-3491] module 'mux_2to1' declared at 'C:/Users/Carmen/Desktop/Memoria/Codigo_VHDL/MAC_8bits/MAC_8bits.srcs/sources_1/imports/Comparison_separately entities/CarrySelectAdder/CarrySelectAdder.srcs/sources_1/imports/COMPARATIVAS/mux_2to1.vhd:8' bound to instance 'MUX_X' of component 'mux_2to1' [C:/Users/Carmen/Desktop/Memoria/Codigo_VHDL/MAC_8bits/MAC_8bits.srcs/sources_1/new/CSA_ACC.vhd:114]
INFO: [Synth 8-3491] module 'mux_2to1' declared at 'C:/Users/Carmen/Desktop/Memoria/Codigo_VHDL/MAC_8bits/MAC_8bits.srcs/sources_1/imports/Comparison_separately entities/CarrySelectAdder/CarrySelectAdder.srcs/sources_1/imports/COMPARATIVAS/mux_2to1.vhd:8' bound to instance 'MUX_X' of component 'mux_2to1' [C:/Users/Carmen/Desktop/Memoria/Codigo_VHDL/MAC_8bits/MAC_8bits.srcs/sources_1/new/CSA_ACC.vhd:114]
INFO: [Synth 8-3491] module 'mux_2to1' declared at 'C:/Users/Carmen/Desktop/Memoria/Codigo_VHDL/MAC_8bits/MAC_8bits.srcs/sources_1/imports/Comparison_separately entities/CarrySelectAdder/CarrySelectAdder.srcs/sources_1/imports/COMPARATIVAS/mux_2to1.vhd:8' bound to instance 'MUX_X' of component 'mux_2to1' [C:/Users/Carmen/Desktop/Memoria/Codigo_VHDL/MAC_8bits/MAC_8bits.srcs/sources_1/new/CSA_ACC.vhd:114]
INFO: [Synth 8-3491] module 'mux_2to1' declared at 'C:/Users/Carmen/Desktop/Memoria/Codigo_VHDL/MAC_8bits/MAC_8bits.srcs/sources_1/imports/Comparison_separately entities/CarrySelectAdder/CarrySelectAdder.srcs/sources_1/imports/COMPARATIVAS/mux_2to1.vhd:8' bound to instance 'MUX_X' of component 'mux_2to1' [C:/Users/Carmen/Desktop/Memoria/Codigo_VHDL/MAC_8bits/MAC_8bits.srcs/sources_1/new/CSA_ACC.vhd:114]
INFO: [Synth 8-3491] module 'RCA_4b' declared at 'C:/Users/Carmen/Desktop/Memoria/Codigo_VHDL/MAC_8bits/MAC_8bits.srcs/sources_1/imports/Comparison_separately entities/CarrySelectAdder/CarrySelectAdder.srcs/sources_1/imports/COMPARATIVAS/RCA_4b.vhd:10' bound to instance 'RCA_X_1' of component 'RCA_4b' [C:/Users/Carmen/Desktop/Memoria/Codigo_VHDL/MAC_8bits/MAC_8bits.srcs/sources_1/new/CSA_ACC.vhd:100]
INFO: [Synth 8-3491] module 'RCA_4b' declared at 'C:/Users/Carmen/Desktop/Memoria/Codigo_VHDL/MAC_8bits/MAC_8bits.srcs/sources_1/imports/Comparison_separately entities/CarrySelectAdder/CarrySelectAdder.srcs/sources_1/imports/COMPARATIVAS/RCA_4b.vhd:10' bound to instance 'RCA_X_0' of component 'RCA_4b' [C:/Users/Carmen/Desktop/Memoria/Codigo_VHDL/MAC_8bits/MAC_8bits.srcs/sources_1/new/CSA_ACC.vhd:106]
INFO: [Synth 8-3491] module 'mux_2to1' declared at 'C:/Users/Carmen/Desktop/Memoria/Codigo_VHDL/MAC_8bits/MAC_8bits.srcs/sources_1/imports/Comparison_separately entities/CarrySelectAdder/CarrySelectAdder.srcs/sources_1/imports/COMPARATIVAS/mux_2to1.vhd:8' bound to instance 'MUX_X' of component 'mux_2to1' [C:/Users/Carmen/Desktop/Memoria/Codigo_VHDL/MAC_8bits/MAC_8bits.srcs/sources_1/new/CSA_ACC.vhd:114]
INFO: [Synth 8-3491] module 'mux_2to1' declared at 'C:/Users/Carmen/Desktop/Memoria/Codigo_VHDL/MAC_8bits/MAC_8bits.srcs/sources_1/imports/Comparison_separately entities/CarrySelectAdder/CarrySelectAdder.srcs/sources_1/imports/COMPARATIVAS/mux_2to1.vhd:8' bound to instance 'MUX_X' of component 'mux_2to1' [C:/Users/Carmen/Desktop/Memoria/Codigo_VHDL/MAC_8bits/MAC_8bits.srcs/sources_1/new/CSA_ACC.vhd:114]
INFO: [Synth 8-3491] module 'mux_2to1' declared at 'C:/Users/Carmen/Desktop/Memoria/Codigo_VHDL/MAC_8bits/MAC_8bits.srcs/sources_1/imports/Comparison_separately entities/CarrySelectAdder/CarrySelectAdder.srcs/sources_1/imports/COMPARATIVAS/mux_2to1.vhd:8' bound to instance 'MUX_X' of component 'mux_2to1' [C:/Users/Carmen/Desktop/Memoria/Codigo_VHDL/MAC_8bits/MAC_8bits.srcs/sources_1/new/CSA_ACC.vhd:114]
INFO: [Synth 8-3491] module 'mux_2to1' declared at 'C:/Users/Carmen/Desktop/Memoria/Codigo_VHDL/MAC_8bits/MAC_8bits.srcs/sources_1/imports/Comparison_separately entities/CarrySelectAdder/CarrySelectAdder.srcs/sources_1/imports/COMPARATIVAS/mux_2to1.vhd:8' bound to instance 'MUX_X' of component 'mux_2to1' [C:/Users/Carmen/Desktop/Memoria/Codigo_VHDL/MAC_8bits/MAC_8bits.srcs/sources_1/new/CSA_ACC.vhd:114]
INFO: [Synth 8-3491] module 'RCA_4b' declared at 'C:/Users/Carmen/Desktop/Memoria/Codigo_VHDL/MAC_8bits/MAC_8bits.srcs/sources_1/imports/Comparison_separately entities/CarrySelectAdder/CarrySelectAdder.srcs/sources_1/imports/COMPARATIVAS/RCA_4b.vhd:10' bound to instance 'RCA_X_1' of component 'RCA_4b' [C:/Users/Carmen/Desktop/Memoria/Codigo_VHDL/MAC_8bits/MAC_8bits.srcs/sources_1/new/CSA_ACC.vhd:100]
INFO: [Synth 8-3491] module 'RCA_4b' declared at 'C:/Users/Carmen/Desktop/Memoria/Codigo_VHDL/MAC_8bits/MAC_8bits.srcs/sources_1/imports/Comparison_separately entities/CarrySelectAdder/CarrySelectAdder.srcs/sources_1/imports/COMPARATIVAS/RCA_4b.vhd:10' bound to instance 'RCA_X_0' of component 'RCA_4b' [C:/Users/Carmen/Desktop/Memoria/Codigo_VHDL/MAC_8bits/MAC_8bits.srcs/sources_1/new/CSA_ACC.vhd:106]
INFO: [Synth 8-3491] module 'mux_2to1' declared at 'C:/Users/Carmen/Desktop/Memoria/Codigo_VHDL/MAC_8bits/MAC_8bits.srcs/sources_1/imports/Comparison_separately entities/CarrySelectAdder/CarrySelectAdder.srcs/sources_1/imports/COMPARATIVAS/mux_2to1.vhd:8' bound to instance 'MUX_X' of component 'mux_2to1' [C:/Users/Carmen/Desktop/Memoria/Codigo_VHDL/MAC_8bits/MAC_8bits.srcs/sources_1/new/CSA_ACC.vhd:114]
INFO: [Synth 8-3491] module 'mux_2to1' declared at 'C:/Users/Carmen/Desktop/Memoria/Codigo_VHDL/MAC_8bits/MAC_8bits.srcs/sources_1/imports/Comparison_separately entities/CarrySelectAdder/CarrySelectAdder.srcs/sources_1/imports/COMPARATIVAS/mux_2to1.vhd:8' bound to instance 'MUX_X' of component 'mux_2to1' [C:/Users/Carmen/Desktop/Memoria/Codigo_VHDL/MAC_8bits/MAC_8bits.srcs/sources_1/new/CSA_ACC.vhd:114]
INFO: [Synth 8-3491] module 'mux_2to1' declared at 'C:/Users/Carmen/Desktop/Memoria/Codigo_VHDL/MAC_8bits/MAC_8bits.srcs/sources_1/imports/Comparison_separately entities/CarrySelectAdder/CarrySelectAdder.srcs/sources_1/imports/COMPARATIVAS/mux_2to1.vhd:8' bound to instance 'MUX_X' of component 'mux_2to1' [C:/Users/Carmen/Desktop/Memoria/Codigo_VHDL/MAC_8bits/MAC_8bits.srcs/sources_1/new/CSA_ACC.vhd:114]
INFO: [Synth 8-3491] module 'mux_2to1' declared at 'C:/Users/Carmen/Desktop/Memoria/Codigo_VHDL/MAC_8bits/MAC_8bits.srcs/sources_1/imports/Comparison_separately entities/CarrySelectAdder/CarrySelectAdder.srcs/sources_1/imports/COMPARATIVAS/mux_2to1.vhd:8' bound to instance 'MUX_X' of component 'mux_2to1' [C:/Users/Carmen/Desktop/Memoria/Codigo_VHDL/MAC_8bits/MAC_8bits.srcs/sources_1/new/CSA_ACC.vhd:114]
INFO: [Synth 8-3491] module 'RCA_4b' declared at 'C:/Users/Carmen/Desktop/Memoria/Codigo_VHDL/MAC_8bits/MAC_8bits.srcs/sources_1/imports/Comparison_separately entities/CarrySelectAdder/CarrySelectAdder.srcs/sources_1/imports/COMPARATIVAS/RCA_4b.vhd:10' bound to instance 'RCA_N4N1_1' of component 'RCA_4b' [C:/Users/Carmen/Desktop/Memoria/Codigo_VHDL/MAC_8bits/MAC_8bits.srcs/sources_1/new/CSA_ACC.vhd:123]
INFO: [Synth 8-3491] module 'RCA_4b' declared at 'C:/Users/Carmen/Desktop/Memoria/Codigo_VHDL/MAC_8bits/MAC_8bits.srcs/sources_1/imports/Comparison_separately entities/CarrySelectAdder/CarrySelectAdder.srcs/sources_1/imports/COMPARATIVAS/RCA_4b.vhd:10' bound to instance 'RCA_N4N1_0' of component 'RCA_4b' [C:/Users/Carmen/Desktop/Memoria/Codigo_VHDL/MAC_8bits/MAC_8bits.srcs/sources_1/new/CSA_ACC.vhd:129]
INFO: [Synth 8-3491] module 'mux_2to1' declared at 'C:/Users/Carmen/Desktop/Memoria/Codigo_VHDL/MAC_8bits/MAC_8bits.srcs/sources_1/imports/Comparison_separately entities/CarrySelectAdder/CarrySelectAdder.srcs/sources_1/imports/COMPARATIVAS/mux_2to1.vhd:8' bound to instance 'MUX_X' of component 'mux_2to1' [C:/Users/Carmen/Desktop/Memoria/Codigo_VHDL/MAC_8bits/MAC_8bits.srcs/sources_1/new/CSA_ACC.vhd:137]
INFO: [Synth 8-3491] module 'mux_2to1' declared at 'C:/Users/Carmen/Desktop/Memoria/Codigo_VHDL/MAC_8bits/MAC_8bits.srcs/sources_1/imports/Comparison_separately entities/CarrySelectAdder/CarrySelectAdder.srcs/sources_1/imports/COMPARATIVAS/mux_2to1.vhd:8' bound to instance 'MUX_X' of component 'mux_2to1' [C:/Users/Carmen/Desktop/Memoria/Codigo_VHDL/MAC_8bits/MAC_8bits.srcs/sources_1/new/CSA_ACC.vhd:137]
INFO: [Synth 8-3491] module 'mux_2to1' declared at 'C:/Users/Carmen/Desktop/Memoria/Codigo_VHDL/MAC_8bits/MAC_8bits.srcs/sources_1/imports/Comparison_separately entities/CarrySelectAdder/CarrySelectAdder.srcs/sources_1/imports/COMPARATIVAS/mux_2to1.vhd:8' bound to instance 'MUX_X' of component 'mux_2to1' [C:/Users/Carmen/Desktop/Memoria/Codigo_VHDL/MAC_8bits/MAC_8bits.srcs/sources_1/new/CSA_ACC.vhd:137]
INFO: [Synth 8-3491] module 'mux_2to1' declared at 'C:/Users/Carmen/Desktop/Memoria/Codigo_VHDL/MAC_8bits/MAC_8bits.srcs/sources_1/imports/Comparison_separately entities/CarrySelectAdder/CarrySelectAdder.srcs/sources_1/imports/COMPARATIVAS/mux_2to1.vhd:8' bound to instance 'MUX_X' of component 'mux_2to1' [C:/Users/Carmen/Desktop/Memoria/Codigo_VHDL/MAC_8bits/MAC_8bits.srcs/sources_1/new/CSA_ACC.vhd:137]
INFO: [Synth 8-3491] module 'mux_2to1' declared at 'C:/Users/Carmen/Desktop/Memoria/Codigo_VHDL/MAC_8bits/MAC_8bits.srcs/sources_1/imports/Comparison_separately entities/CarrySelectAdder/CarrySelectAdder.srcs/sources_1/imports/COMPARATIVAS/mux_2to1.vhd:8' bound to instance 'MUX_COUT' of component 'mux_2to1' [C:/Users/Carmen/Desktop/Memoria/Codigo_VHDL/MAC_8bits/MAC_8bits.srcs/sources_1/new/CSA_ACC.vhd:143]
INFO: [Synth 8-256] done synthesizing module 'CSA_ACC' (8#1) [C:/Users/Carmen/Desktop/Memoria/Codigo_VHDL/MAC_8bits/MAC_8bits.srcs/sources_1/new/CSA_ACC.vhd:18]
WARNING: [Synth 8-5974] attribute "use_dsp48" has been deprecated, please use "use_dsp" instead 
INFO: [Synth 8-256] done synthesizing module 'MAC' (9#1) [C:/Users/Carmen/Desktop/Memoria/Codigo_VHDL/MAC_8bits/MAC_8bits.srcs/sources_1/new/MAC.vhd:24]
---------------------------------------------------------------------------------
Finished RTL Elaboration : Time (s): cpu = 00:00:07 ; elapsed = 00:00:09 . Memory (MB): peak = 494.344 ; gain = 154.797
---------------------------------------------------------------------------------

Report Check Netlist: 
+------+------------------+-------+---------+-------+------------------+
|      |Item              |Errors |Warnings |Status |Description       |
+------+------------------+-------+---------+-------+------------------+
|1     |multi_driven_nets |      0|        0|Passed |Multi driven nets |
+------+------------------+-------+---------+-------+------------------+
---------------------------------------------------------------------------------
Start Handling Custom Attributes
---------------------------------------------------------------------------------
---------------------------------------------------------------------------------
Finished Handling Custom Attributes : Time (s): cpu = 00:00:08 ; elapsed = 00:00:09 . Memory (MB): peak = 494.344 ; gain = 154.797
---------------------------------------------------------------------------------
---------------------------------------------------------------------------------
Finished RTL Optimization Phase 1 : Time (s): cpu = 00:00:08 ; elapsed = 00:00:09 . Memory (MB): peak = 494.344 ; gain = 154.797
---------------------------------------------------------------------------------
INFO: [Device 21-403] Loading part xc7a100tcsg324-1
INFO: [Project 1-570] Preparing netlist for logic optimization

Processing XDC Constraints
Initializing timing engine
Parsing XDC File [C:/Users/Carmen/Desktop/Memoria/Codigo_VHDL/MAC_8bits/MAC_8bits.srcs/constrs_1/imports/Codigo_final/Nexys4DDR_Master.xdc]
WARNING: [Constraints 18-96] Setting input delay on a clock pin 'clk' is not supported, ignoring it [C:/Users/Carmen/Desktop/Memoria/Codigo_VHDL/MAC_8bits/MAC_8bits.srcs/constrs_1/imports/Codigo_final/Nexys4DDR_Master.xdc:10]
WARNING: [Constraints 18-96] Setting input delay on a clock pin 'clk' is not supported, ignoring it [C:/Users/Carmen/Desktop/Memoria/Codigo_VHDL/MAC_8bits/MAC_8bits.srcs/constrs_1/imports/Codigo_final/Nexys4DDR_Master.xdc:11]
Finished Parsing XDC File [C:/Users/Carmen/Desktop/Memoria/Codigo_VHDL/MAC_8bits/MAC_8bits.srcs/constrs_1/imports/Codigo_final/Nexys4DDR_Master.xdc]
INFO: [Project 1-236] Implementation specific constraints were found while reading constraint file [C:/Users/Carmen/Desktop/Memoria/Codigo_VHDL/MAC_8bits/MAC_8bits.srcs/constrs_1/imports/Codigo_final/Nexys4DDR_Master.xdc]. These constraints will be ignored for synthesis but will be used in implementation. Impacted constraints are listed in the file [.Xil/MAC_propImpl.xdc].
Resolution: To avoid this warning, move constraints listed in [.Xil/MAC_propImpl.xdc] to another XDC file and exclude this new file from synthesis with the used_in_synthesis property (File Properties dialog in GUI) and re-run elaboration/synthesis.
Netlist sorting complete. Time (s): cpu = 00:00:00 ; elapsed = 00:00:00.008 . Memory (MB): peak = 859.738 ; gain = 0.000
Completed Processing XDC Constraints

Netlist sorting complete. Time (s): cpu = 00:00:00 ; elapsed = 00:00:00.007 . Memory (MB): peak = 859.738 ; gain = 0.000
INFO: [Project 1-111] Unisim Transformation Summary:
No Unisim elements were transformed.

Netlist sorting complete. Time (s): cpu = 00:00:00 ; elapsed = 00:00:00.004 . Memory (MB): peak = 859.738 ; gain = 0.000
Constraint Validation Runtime : Time (s): cpu = 00:00:00 ; elapsed = 00:00:00.019 . Memory (MB): peak = 859.738 ; gain = 0.000
---------------------------------------------------------------------------------
Finished Constraint Validation : Time (s): cpu = 00:00:25 ; elapsed = 00:00:29 . Memory (MB): peak = 859.738 ; gain = 520.191
---------------------------------------------------------------------------------
---------------------------------------------------------------------------------
Start Loading Part and Timing Information
---------------------------------------------------------------------------------
Loading part: xc7a100tcsg324-1
---------------------------------------------------------------------------------
Finished Loading Part and Timing Information : Time (s): cpu = 00:00:25 ; elapsed = 00:00:29 . Memory (MB): peak = 859.738 ; gain = 520.191
---------------------------------------------------------------------------------
---------------------------------------------------------------------------------
Start Applying 'set_property' XDC Constraints
---------------------------------------------------------------------------------
---------------------------------------------------------------------------------
Finished applying 'set_property' XDC Constraints : Time (s): cpu = 00:00:25 ; elapsed = 00:00:29 . Memory (MB): peak = 859.738 ; gain = 520.191
---------------------------------------------------------------------------------
INFO: [Synth 8-4471] merging register 'a_reg_reg[5][7:0]' into 'a_reg_reg[7][7:0]' [C:/Users/Carmen/Desktop/Memoria/Codigo_VHDL/MAC_8bits/MAC_8bits.srcs/sources_1/new/MAC.vhd:77]
INFO: [Synth 8-4471] merging register 'a_reg_reg[4][7:0]' into 'a_reg_reg[6][7:0]' [C:/Users/Carmen/Desktop/Memoria/Codigo_VHDL/MAC_8bits/MAC_8bits.srcs/sources_1/new/MAC.vhd:77]
INFO: [Synth 8-4471] merging register 'a_reg_reg[3][7:0]' into 'a_reg_reg[7][7:0]' [C:/Users/Carmen/Desktop/Memoria/Codigo_VHDL/MAC_8bits/MAC_8bits.srcs/sources_1/new/MAC.vhd:77]
INFO: [Synth 8-4471] merging register 'a_reg_reg[2][7:0]' into 'a_reg_reg[6][7:0]' [C:/Users/Carmen/Desktop/Memoria/Codigo_VHDL/MAC_8bits/MAC_8bits.srcs/sources_1/new/MAC.vhd:77]
INFO: [Synth 8-4471] merging register 'b_reg_reg[5][7:0]' into 'b_reg_reg[7][7:0]' [C:/Users/Carmen/Desktop/Memoria/Codigo_VHDL/MAC_8bits/MAC_8bits.srcs/sources_1/new/MAC.vhd:78]
INFO: [Synth 8-4471] merging register 'b_reg_reg[4][7:0]' into 'b_reg_reg[6][7:0]' [C:/Users/Carmen/Desktop/Memoria/Codigo_VHDL/MAC_8bits/MAC_8bits.srcs/sources_1/new/MAC.vhd:78]
INFO: [Synth 8-4471] merging register 'b_reg_reg[3][7:0]' into 'b_reg_reg[7][7:0]' [C:/Users/Carmen/Desktop/Memoria/Codigo_VHDL/MAC_8bits/MAC_8bits.srcs/sources_1/new/MAC.vhd:78]
INFO: [Synth 8-4471] merging register 'b_reg_reg[2][7:0]' into 'b_reg_reg[6][7:0]' [C:/Users/Carmen/Desktop/Memoria/Codigo_VHDL/MAC_8bits/MAC_8bits.srcs/sources_1/new/MAC.vhd:78]
---------------------------------------------------------------------------------
Finished RTL Optimization Phase 2 : Time (s): cpu = 00:00:26 ; elapsed = 00:00:31 . Memory (MB): peak = 859.738 ; gain = 520.191
---------------------------------------------------------------------------------
INFO: [Synth 8-223] decloning instance 'gen_stage_mux[2].MUX_X' (dadda_multi) to 'gen_stage_mux[4].MUX_X'
INFO: [Synth 8-223] decloning instance 'gen_stage_mux[2].MUX_X' (dadda_multi) to 'gen_stage_mux[6].MUX_X'
INFO: [Synth 8-223] decloning instance 'gen_stage_mux[3].MUX_X' (dadda_multi) to 'gen_stage_mux[5].MUX_X'
INFO: [Synth 8-223] decloning instance 'gen_stage_mux[3].MUX_X' (dadda_multi) to 'gen_stage_mux[7].MUX_X'

Report RTL Partitions: 
+-+--------------+------------+----------+
| |RTL Partition |Replication |Instances |
+-+--------------+------------+----------+
+-+--------------+------------+----------+
---------------------------------------------------------------------------------
Start RTL Component Statistics 
---------------------------------------------------------------------------------
Detailed RTL Component Info : 
+---Adders : 
	   2 Input     16 Bit       Adders := 4     
	   2 Input      8 Bit       Adders := 8     
+---XORs : 
	   3 Input      1 Bit         XORs := 460   
	   2 Input      1 Bit         XORs := 32    
+---Registers : 
	               20 Bit    Registers := 1     
	               19 Bit    Registers := 15    
	                8 Bit    Registers := 8     
	                5 Bit    Registers := 1     
	                1 Bit    Registers := 1     
+---Muxes : 
	   2 Input     20 Bit        Muxes := 15    
	   2 Input     16 Bit        Muxes := 4     
	   2 Input      8 Bit        Muxes := 44    
	   2 Input      5 Bit        Muxes := 1     
	   2 Input      1 Bit        Muxes := 170   
---------------------------------------------------------------------------------
Finished RTL Component Statistics 
---------------------------------------------------------------------------------
---------------------------------------------------------------------------------
Start RTL Hierarchical Component Statistics 
---------------------------------------------------------------------------------
Hierarchical RTL Component report 
Module MAC 
Detailed RTL Component Info : 
+---Registers : 
	               20 Bit    Registers := 1     
	               19 Bit    Registers := 15    
	                8 Bit    Registers := 8     
	                5 Bit    Registers := 1     
	                1 Bit    Registers := 1     
+---Muxes : 
	   2 Input      8 Bit        Muxes := 28    
	   2 Input      5 Bit        Muxes := 1     
	   2 Input      1 Bit        Muxes := 2     
Module FA 
Detailed RTL Component Info : 
+---XORs : 
	   3 Input      1 Bit         XORs := 1     
Module mux_2to1 
Detailed RTL Component Info : 
+---Muxes : 
	   2 Input      1 Bit        Muxes := 1     
Module CSA_ACC 
Detailed RTL Component Info : 
+---Muxes : 
	   2 Input     20 Bit        Muxes := 1     
Module Twos_complement_input 
Detailed RTL Component Info : 
+---Adders : 
	   2 Input      8 Bit       Adders := 1     
+---Muxes : 
	   2 Input      8 Bit        Muxes := 2     
Module Twos_complement_output 
Detailed RTL Component Info : 
+---Adders : 
	   2 Input     16 Bit       Adders := 1     
+---Muxes : 
	   2 Input     16 Bit        Muxes := 1     
Module dadda_multi 
Detailed RTL Component Info : 
+---XORs : 
	   2 Input      1 Bit         XORs := 8     
	   3 Input      1 Bit         XORs := 35    
Module CSA 
Detailed RTL Component Info : 
+---Muxes : 
	   2 Input     20 Bit        Muxes := 2     
---------------------------------------------------------------------------------
Finished RTL Hierarchical Component Statistics
---------------------------------------------------------------------------------
---------------------------------------------------------------------------------
Start Part Resource Summary
---------------------------------------------------------------------------------
Part Resources:
DSPs: 240 (col length:80)
BRAMs: 270 (col length: RAMB18 80 RAMB36 40)
---------------------------------------------------------------------------------
Finished Part Resource Summary
---------------------------------------------------------------------------------
---------------------------------------------------------------------------------
Start Cross Boundary and Area Optimization
---------------------------------------------------------------------------------
Warning: Parallel synthesis criteria is not met 
DSP Report: Generating DSP p_trans, operation Mode is: C+(A:0x0):B.
DSP Report: operator p_trans is absorbed into DSP p_trans.
DSP Report: Generating DSP p_trans, operation Mode is: C+(A:0x0):B.
DSP Report: operator p_trans is absorbed into DSP p_trans.
DSP Report: Generating DSP p_trans, operation Mode is: C+(A:0x0):B.
DSP Report: operator p_trans is absorbed into DSP p_trans.
DSP Report: Generating DSP p_trans, operation Mode is: C+(A:0x0):B.
DSP Report: operator p_trans is absorbed into DSP p_trans.
INFO: [Synth 8-4471] merging register 'c_reg_reg[4][18:0]' into 'c_reg_reg[2][18:0]' [C:/Users/Carmen/Desktop/Memoria/Codigo_VHDL/MAC_8bits/MAC_8bits.srcs/sources_1/new/MAC.vhd:85]
INFO: [Synth 8-4471] merging register 'c_reg_reg[5][18:0]' into 'c_reg_reg[3][18:0]' [C:/Users/Carmen/Desktop/Memoria/Codigo_VHDL/MAC_8bits/MAC_8bits.srcs/sources_1/new/MAC.vhd:85]
INFO: [Synth 8-4471] merging register 'c_reg_reg[6][18:0]' into 'c_reg_reg[2][18:0]' [C:/Users/Carmen/Desktop/Memoria/Codigo_VHDL/MAC_8bits/MAC_8bits.srcs/sources_1/new/MAC.vhd:85]
INFO: [Synth 8-4471] merging register 'c_reg_reg[7][18:0]' into 'c_reg_reg[3][18:0]' [C:/Users/Carmen/Desktop/Memoria/Codigo_VHDL/MAC_8bits/MAC_8bits.srcs/sources_1/new/MAC.vhd:85]
DSP Report: Generating DSP plusOp, operation Mode is: C+1.
DSP Report: operator plusOp is absorbed into DSP plusOp.
DSP Report: Generating DSP a_next[3]2, operation Mode is: C+A:B.
DSP Report: operator a_next[3]2 is absorbed into DSP a_next[3]2.
INFO: [Synth 8-3886] merging instance 'c_reg_reg[3][15]' (FDCE) to 'c_reg_reg[3][16]'
INFO: [Synth 8-3886] merging instance 'c_reg_reg[2][15]' (FDCE) to 'c_reg_reg[2][16]'
INFO: [Synth 8-3886] merging instance 'c_reg_reg[1][15]' (FDCE) to 'c_reg_reg[1][16]'
INFO: [Synth 8-3886] merging instance 'c_reg_reg[0][15]' (FDCE) to 'c_reg_reg[0][16]'
INFO: [Synth 8-3886] merging instance 'c_reg_reg[3][16]' (FDCE) to 'c_reg_reg[3][17]'
INFO: [Synth 8-3886] merging instance 'c_reg_reg[3][17]' (FDCE) to 'c_reg_reg[3][18]'
INFO: [Synth 8-3886] merging instance 'c_reg_reg[2][16]' (FDCE) to 'c_reg_reg[2][17]'
INFO: [Synth 8-3886] merging instance 'c_reg_reg[2][17]' (FDCE) to 'c_reg_reg[2][18]'
INFO: [Synth 8-3886] merging instance 'c_reg_reg[1][16]' (FDCE) to 'c_reg_reg[1][17]'
INFO: [Synth 8-3886] merging instance 'c_reg_reg[1][17]' (FDCE) to 'c_reg_reg[1][18]'
INFO: [Synth 8-3886] merging instance 'c_reg_reg[0][16]' (FDCE) to 'c_reg_reg[0][17]'
INFO: [Synth 8-3886] merging instance 'c_reg_reg[0][17]' (FDCE) to 'c_reg_reg[0][18]'
INFO: [Synth 8-3886] merging instance 'a_reg_reg[7][5]' (FDCE) to 'a_reg_reg[7][0]'
INFO: [Synth 8-3886] merging instance 'a_reg_reg[7][0]' (FDCE) to 'a_reg_reg[7][1]'
INFO: [Synth 8-3886] merging instance 'a_reg_reg[7][1]' (FDCE) to 'a_reg_reg[7][2]'
INFO: [Synth 8-3886] merging instance 'a_reg_reg[7][2]' (FDCE) to 'a_reg_reg[7][3]'
INFO: [Synth 8-3886] merging instance 'a_reg_reg[7][3]' (FDCE) to 'a_reg_reg[7][4]'
INFO: [Synth 8-3886] merging instance 'a_reg_reg[7][4]' (FDCE) to 'a_reg_reg[7][6]'
INFO: [Synth 8-3886] merging instance 'a_reg_reg[7][6]' (FDCE) to 'a_reg_reg[7][7]'
INFO: [Synth 8-3886] merging instance 'b_reg_reg[7][6]' (FDCE) to 'a_reg_reg[7][7]'
INFO: [Synth 8-3886] merging instance 'b_reg_reg[7][0]' (FDCE) to 'a_reg_reg[7][7]'
INFO: [Synth 8-3886] merging instance 'b_reg_reg[7][1]' (FDCE) to 'a_reg_reg[7][7]'
INFO: [Synth 8-3886] merging instance 'b_reg_reg[7][2]' (FDCE) to 'a_reg_reg[7][7]'
INFO: [Synth 8-3886] merging instance 'b_reg_reg[7][3]' (FDCE) to 'a_reg_reg[7][7]'
INFO: [Synth 8-3886] merging instance 'b_reg_reg[7][4]' (FDCE) to 'a_reg_reg[7][7]'
INFO: [Synth 8-3886] merging instance 'b_reg_reg[7][5]' (FDCE) to 'a_reg_reg[7][7]'
INFO: [Synth 8-3886] merging instance 'a_reg_reg[6][5]' (FDCE) to 'a_reg_reg[7][7]'
INFO: [Synth 8-3886] merging instance 'a_reg_reg[6][0]' (FDCE) to 'a_reg_reg[7][7]'
INFO: [Synth 8-3886] merging instance 'a_reg_reg[6][1]' (FDCE) to 'a_reg_reg[7][7]'
INFO: [Synth 8-3886] merging instance 'a_reg_reg[6][2]' (FDCE) to 'a_reg_reg[7][7]'
INFO: [Synth 8-3886] merging instance 'a_reg_reg[6][3]' (FDCE) to 'a_reg_reg[7][7]'
INFO: [Synth 8-3886] merging instance 'a_reg_reg[6][4]' (FDCE) to 'a_reg_reg[7][7]'
INFO: [Synth 8-3886] merging instance 'a_reg_reg[6][6]' (FDCE) to 'a_reg_reg[7][7]'
INFO: [Synth 8-3886] merging instance 'b_reg_reg[6][6]' (FDCE) to 'a_reg_reg[7][7]'
INFO: [Synth 8-3886] merging instance 'b_reg_reg[6][0]' (FDCE) to 'a_reg_reg[7][7]'
INFO: [Synth 8-3886] merging instance 'b_reg_reg[6][1]' (FDCE) to 'a_reg_reg[7][7]'
INFO: [Synth 8-3886] merging instance 'b_reg_reg[6][2]' (FDCE) to 'a_reg_reg[7][7]'
INFO: [Synth 8-3886] merging instance 'b_reg_reg[6][3]' (FDCE) to 'a_reg_reg[7][7]'
INFO: [Synth 8-3886] merging instance 'b_reg_reg[6][4]' (FDCE) to 'a_reg_reg[7][7]'
INFO: [Synth 8-3886] merging instance 'b_reg_reg[6][5]' (FDCE) to 'a_reg_reg[7][7]'
INFO: [Synth 8-3886] merging instance 'b_reg_reg[7][7]' (FDCE) to 'a_reg_reg[7][7]'
INFO: [Synth 8-3886] merging instance 'a_reg_reg[7][7]' (FDCE) to 'a_reg_reg[6][7]'
INFO: [Synth 8-3886] merging instance 'b_reg_reg[6][7]' (FDCE) to 'a_reg_reg[6][7]'
INFO: [Synth 8-3333] propagating constant 0 across sequential element (\a_reg_reg[6][7] )
INFO: [Synth 8-3886] merging instance 'c_reg_reg[3][18]' (FDCE) to 'c_reg_reg[3][0]'
INFO: [Synth 8-3886] merging instance 'c_reg_reg[2][18]' (FDCE) to 'c_reg_reg[3][0]'
INFO: [Synth 8-3886] merging instance 'c_reg_reg[3][14]' (FDCE) to 'c_reg_reg[3][0]'
INFO: [Synth 8-3886] merging instance 'c_reg_reg[2][14]' (FDCE) to 'c_reg_reg[3][0]'
INFO: [Synth 8-3886] merging instance 'c_reg_reg[3][13]' (FDCE) to 'c_reg_reg[3][0]'
INFO: [Synth 8-3886] merging instance 'c_reg_reg[2][13]' (FDCE) to 'c_reg_reg[3][0]'
INFO: [Synth 8-3886] merging instance 'c_reg_reg[3][12]' (FDCE) to 'c_reg_reg[3][0]'
INFO: [Synth 8-3886] merging instance 'c_reg_reg[2][12]' (FDCE) to 'c_reg_reg[3][0]'
INFO: [Synth 8-3886] merging instance 'c_reg_reg[3][11]' (FDCE) to 'c_reg_reg[3][0]'
INFO: [Synth 8-3886] merging instance 'c_reg_reg[2][11]' (FDCE) to 'c_reg_reg[3][0]'
INFO: [Synth 8-3886] merging instance 'c_reg_reg[3][10]' (FDCE) to 'c_reg_reg[3][0]'
INFO: [Synth 8-3886] merging instance 'c_reg_reg[2][10]' (FDCE) to 'c_reg_reg[3][0]'
INFO: [Synth 8-3886] merging instance 'c_reg_reg[3][9]' (FDCE) to 'c_reg_reg[3][0]'
INFO: [Synth 8-3886] merging instance 'c_reg_reg[2][9]' (FDCE) to 'c_reg_reg[3][0]'
INFO: [Synth 8-3886] merging instance 'c_reg_reg[3][8]' (FDCE) to 'c_reg_reg[3][0]'
INFO: [Synth 8-3886] merging instance 'c_reg_reg[2][8]' (FDCE) to 'c_reg_reg[3][0]'
INFO: [Synth 8-3886] merging instance 'c_reg_reg[3][7]' (FDCE) to 'c_reg_reg[3][0]'
INFO: [Synth 8-3886] merging instance 'c_reg_reg[2][7]' (FDCE) to 'c_reg_reg[3][0]'
INFO: [Synth 8-3886] merging instance 'c_reg_reg[3][6]' (FDCE) to 'c_reg_reg[3][0]'
INFO: [Synth 8-3886] merging instance 'c_reg_reg[2][6]' (FDCE) to 'c_reg_reg[3][0]'
INFO: [Synth 8-3886] merging instance 'c_reg_reg[3][5]' (FDCE) to 'c_reg_reg[3][0]'
INFO: [Synth 8-3886] merging instance 'c_reg_reg[2][5]' (FDCE) to 'c_reg_reg[3][0]'
INFO: [Synth 8-3886] merging instance 'c_reg_reg[3][4]' (FDCE) to 'c_reg_reg[3][0]'
INFO: [Synth 8-3886] merging instance 'c_reg_reg[2][4]' (FDCE) to 'c_reg_reg[3][0]'
INFO: [Synth 8-3886] merging instance 'c_reg_reg[3][3]' (FDCE) to 'c_reg_reg[3][0]'
INFO: [Synth 8-3886] merging instance 'c_reg_reg[2][3]' (FDCE) to 'c_reg_reg[3][0]'
INFO: [Synth 8-3886] merging instance 'c_reg_reg[3][2]' (FDCE) to 'c_reg_reg[3][0]'
INFO: [Synth 8-3886] merging instance 'c_reg_reg[2][2]' (FDCE) to 'c_reg_reg[3][0]'
INFO: [Synth 8-3886] merging instance 'c_reg_reg[3][1]' (FDCE) to 'c_reg_reg[3][0]'
INFO: [Synth 8-3886] merging instance 'c_reg_reg[2][1]' (FDCE) to 'c_reg_reg[3][0]'
INFO: [Synth 8-3886] merging instance 'c_reg_reg[3][0]' (FDCE) to 'c_reg_reg[2][0]'
INFO: [Synth 8-3886] merging instance 'c_reg_reg[2][0]' (FDCE) to 'd_reg_reg[3][0]'
INFO: [Synth 8-3886] merging instance 'd_reg_reg[3][18]' (FDCE) to 'd_reg_reg[3][1]'
INFO: [Synth 8-3886] merging instance 'd_reg_reg[2][18]' (FDCE) to 'd_reg_reg[3][1]'
INFO: [Synth 8-3886] merging instance 'd_reg_reg[3][17]' (FDCE) to 'd_reg_reg[3][1]'
INFO: [Synth 8-3886] merging instance 'd_reg_reg[2][17]' (FDCE) to 'd_reg_reg[3][1]'
INFO: [Synth 8-3886] merging instance 'd_reg_reg[3][16]' (FDCE) to 'd_reg_reg[3][1]'
INFO: [Synth 8-3886] merging instance 'd_reg_reg[2][16]' (FDCE) to 'd_reg_reg[3][1]'
INFO: [Synth 8-3886] merging instance 'd_reg_reg[3][15]' (FDCE) to 'd_reg_reg[3][1]'
INFO: [Synth 8-3886] merging instance 'd_reg_reg[2][15]' (FDCE) to 'd_reg_reg[3][1]'
INFO: [Synth 8-3886] merging instance 'd_reg_reg[3][14]' (FDCE) to 'd_reg_reg[3][1]'
INFO: [Synth 8-3886] merging instance 'd_reg_reg[2][14]' (FDCE) to 'd_reg_reg[3][1]'
INFO: [Synth 8-3886] merging instance 'd_reg_reg[3][13]' (FDCE) to 'd_reg_reg[3][1]'
INFO: [Synth 8-3886] merging instance 'd_reg_reg[2][13]' (FDCE) to 'd_reg_reg[3][1]'
INFO: [Synth 8-3886] merging instance 'd_reg_reg[3][12]' (FDCE) to 'd_reg_reg[3][1]'
INFO: [Synth 8-3886] merging instance 'd_reg_reg[2][12]' (FDCE) to 'd_reg_reg[3][1]'
INFO: [Synth 8-3886] merging instance 'd_reg_reg[3][11]' (FDCE) to 'd_reg_reg[3][1]'
INFO: [Synth 8-3886] merging instance 'd_reg_reg[2][11]' (FDCE) to 'd_reg_reg[3][1]'
INFO: [Synth 8-3886] merging instance 'd_reg_reg[3][10]' (FDCE) to 'd_reg_reg[3][1]'
INFO: [Synth 8-3886] merging instance 'd_reg_reg[2][10]' (FDCE) to 'd_reg_reg[3][1]'
INFO: [Synth 8-3886] merging instance 'd_reg_reg[3][9]' (FDCE) to 'd_reg_reg[3][1]'
INFO: [Synth 8-3886] merging instance 'd_reg_reg[2][9]' (FDCE) to 'd_reg_reg[3][1]'
INFO: [Synth 8-3886] merging instance 'd_reg_reg[3][8]' (FDCE) to 'd_reg_reg[3][1]'
INFO: [Synth 8-3886] merging instance 'd_reg_reg[2][8]' (FDCE) to 'd_reg_reg[3][1]'
INFO: [Synth 8-3886] merging instance 'd_reg_reg[3][7]' (FDCE) to 'd_reg_reg[3][1]'
INFO: [Synth 8-3886] merging instance 'd_reg_reg[2][7]' (FDCE) to 'd_reg_reg[3][1]'
INFO: [Synth 8-3886] merging instance 'd_reg_reg[3][6]' (FDCE) to 'd_reg_reg[3][1]'
INFO: [Common 17-14] Message 'Synth 8-3886' appears 100 times and further instances of the messages will be disabled. Use the Tcl command set_msg_config to change the current settings.
---------------------------------------------------------------------------------
Finished Cross Boundary and Area Optimization : Time (s): cpu = 00:00:33 ; elapsed = 00:00:40 . Memory (MB): peak = 859.738 ; gain = 520.191
---------------------------------------------------------------------------------
---------------------------------------------------------------------------------
Start ROM, RAM, DSP and Shift Register Reporting
---------------------------------------------------------------------------------

DSP: Preliminary Mapping  Report (see note below)
+------------+-------------+--------+--------+--------+--------+--------+------+------+------+------+-------+------+------+
|Module Name | DSP Mapping | A Size | B Size | C Size | D Size | P Size | AREG | BREG | CREG | DREG | ADREG | MREG | PREG | 
+------------+-------------+--------+--------+--------+--------+--------+------+------+------+------+-------+------+------+
|dadda_multi | C+(A:0x0):B | 30     | 15     | 15     | -      | 16     | 0    | 0    | 0    | -    | -     | 0    | 0    | 
|dadda_multi | C+(A:0x0):B | 30     | 15     | 15     | -      | 16     | 0    | 0    | 0    | -    | -     | 0    | 0    | 
|dadda_multi | C+(A:0x0):B | 30     | 15     | 15     | -      | 16     | 0    | 0    | 0    | -    | -     | 0    | 0    | 
|dadda_multi | C+(A:0x0):B | 30     | 15     | 15     | -      | 16     | 0    | 0    | 0    | -    | -     | 0    | 0    | 
|MAC         | C+1         | -      | -      | 5      | -      | 5      | -    | -    | 0    | -    | -     | 0    | 0    | 
|MAC         | C+A:B       | 30     | 18     | 48     | -      | 10     | 0    | 0    | 0    | -    | -     | 0    | 0    | 
+------------+-------------+--------+--------+--------+--------+--------+------+------+------+------+-------+------+------+

Note: The table above is a preliminary report that shows the DSPs inferred at the current stage of the synthesis flow. Some DSP may be reimplemented as non DSP primitives later in the synthesis flow. Multiple instantiated DSPs are reported only once.
---------------------------------------------------------------------------------
Finished ROM, RAM, DSP and Shift Register Reporting
---------------------------------------------------------------------------------
INFO: [Synth 8-5844] Detected registers with asynchronous reset at DSP/BRAM block boundary. Consider using synchronous reset for optimal packing [C:/Users/Carmen/Desktop/Memoria/Codigo_VHDL/MAC_8bits/MAC_8bits.srcs/sources_1/new/MAC.vhd:136]

Report RTL Partitions: 
+-+--------------+------------+----------+
| |RTL Partition |Replication |Instances |
+-+--------------+------------+----------+
+-+--------------+------------+----------+
---------------------------------------------------------------------------------
Start Applying XDC Timing Constraints
---------------------------------------------------------------------------------
---------------------------------------------------------------------------------
Finished Applying XDC Timing Constraints : Time (s): cpu = 00:01:00 ; elapsed = 00:01:08 . Memory (MB): peak = 892.969 ; gain = 553.422
---------------------------------------------------------------------------------
---------------------------------------------------------------------------------
Start Timing Optimization
---------------------------------------------------------------------------------
INFO: [Synth 8-3333] propagating constant 0 across sequential element (\e_reg_reg[1][0] )
---------------------------------------------------------------------------------
Finished Timing Optimization : Time (s): cpu = 00:01:01 ; elapsed = 00:01:09 . Memory (MB): peak = 904.629 ; gain = 565.082
---------------------------------------------------------------------------------

Report RTL Partitions: 
+-+--------------+------------+----------+
| |RTL Partition |Replication |Instances |
+-+--------------+------------+----------+
+-+--------------+------------+----------+
---------------------------------------------------------------------------------
Start Technology Mapping
---------------------------------------------------------------------------------
INFO: [Synth 8-5844] Detected registers with asynchronous reset at DSP/BRAM block boundary. Consider using synchronous reset for optimal packing [C:/Users/Carmen/Desktop/Memoria/Codigo_VHDL/MAC_8bits/MAC_8bits.srcs/sources_1/new/MAC.vhd:136]
---------------------------------------------------------------------------------
Finished Technology Mapping : Time (s): cpu = 00:01:02 ; elapsed = 00:01:11 . Memory (MB): peak = 909.113 ; gain = 569.566
---------------------------------------------------------------------------------

Report RTL Partitions: 
+-+--------------+------------+----------+
| |RTL Partition |Replication |Instances |
+-+--------------+------------+----------+
+-+--------------+------------+----------+
---------------------------------------------------------------------------------
Start IO Insertion
---------------------------------------------------------------------------------
---------------------------------------------------------------------------------
Start Flattening Before IO Insertion
---------------------------------------------------------------------------------
---------------------------------------------------------------------------------
Finished Flattening Before IO Insertion
---------------------------------------------------------------------------------
---------------------------------------------------------------------------------
Start Final Netlist Cleanup
---------------------------------------------------------------------------------
---------------------------------------------------------------------------------
Finished Final Netlist Cleanup
---------------------------------------------------------------------------------
---------------------------------------------------------------------------------
Finished IO Insertion : Time (s): cpu = 00:01:04 ; elapsed = 00:01:13 . Memory (MB): peak = 909.113 ; gain = 569.566
---------------------------------------------------------------------------------

Report Check Netlist: 
+------+------------------+-------+---------+-------+------------------+
|      |Item              |Errors |Warnings |Status |Description       |
+------+------------------+-------+---------+-------+------------------+
|1     |multi_driven_nets |      0|        0|Passed |Multi driven nets |
+------+------------------+-------+---------+-------+------------------+
---------------------------------------------------------------------------------
Start Renaming Generated Instances
---------------------------------------------------------------------------------
---------------------------------------------------------------------------------
Finished Renaming Generated Instances : Time (s): cpu = 00:01:04 ; elapsed = 00:01:13 . Memory (MB): peak = 909.113 ; gain = 569.566
---------------------------------------------------------------------------------

Report RTL Partitions: 
+-+--------------+------------+----------+
| |RTL Partition |Replication |Instances |
+-+--------------+------------+----------+
+-+--------------+------------+----------+
---------------------------------------------------------------------------------
Start Rebuilding User Hierarchy
---------------------------------------------------------------------------------
---------------------------------------------------------------------------------
Finished Rebuilding User Hierarchy : Time (s): cpu = 00:01:04 ; elapsed = 00:01:13 . Memory (MB): peak = 909.113 ; gain = 569.566
---------------------------------------------------------------------------------
---------------------------------------------------------------------------------
Start Renaming Generated Ports
---------------------------------------------------------------------------------
---------------------------------------------------------------------------------
Finished Renaming Generated Ports : Time (s): cpu = 00:01:04 ; elapsed = 00:01:13 . Memory (MB): peak = 909.113 ; gain = 569.566
---------------------------------------------------------------------------------
---------------------------------------------------------------------------------
Start Handling Custom Attributes
---------------------------------------------------------------------------------
---------------------------------------------------------------------------------
Finished Handling Custom Attributes : Time (s): cpu = 00:01:04 ; elapsed = 00:01:13 . Memory (MB): peak = 909.113 ; gain = 569.566
---------------------------------------------------------------------------------
---------------------------------------------------------------------------------
Start Renaming Generated Nets
---------------------------------------------------------------------------------
---------------------------------------------------------------------------------
Finished Renaming Generated Nets : Time (s): cpu = 00:01:04 ; elapsed = 00:01:13 . Memory (MB): peak = 909.113 ; gain = 569.566
---------------------------------------------------------------------------------
---------------------------------------------------------------------------------
Start Writing Synthesis Report
---------------------------------------------------------------------------------

Report BlackBoxes: 
+-+--------------+----------+
| |BlackBox name |Instances |
+-+--------------+----------+
+-+--------------+----------+

Report Cell Usage: 
+------+----------+------+
|      |Cell      |Count |
+------+----------+------+
|1     |BUFG      |     1|
|2     |CARRY4    |     8|
|3     |DSP48E1   |     2|
|4     |DSP48E1_1 |     1|
|5     |LUT1      |    32|
|6     |LUT2      |    19|
|7     |LUT3      |   119|
|8     |LUT4      |    92|
|9     |LUT5      |    45|
|10    |LUT6      |    60|
|11    |FDCE      |   147|
|12    |IBUF      |    35|
|13    |OBUF      |    20|
+------+----------+------+

Report Instance Areas: 
+------+---------------------------+------------------------+------+
|      |Instance                   |Module                  |Cells |
+------+---------------------------+------------------------+------+
|1     |top                        |                        |   581|
|2     |  CSA_FINAL                |CSA_ACC                 |    39|
|3     |    RCA_03_0               |RCA_4b                  |    39|
|4     |      FA0                  |FA                      |    39|
|5     |  \gen_stage_mux[0].MUX_X  |dadda_multi             |   130|
|6     |    INPUT_A                |Twos_complement_input_2 |    31|
|7     |    INPUT_B                |Twos_complement_input_3 |    63|
|8     |  \gen_stage_mux[1].MUX_X  |dadda_multi_0           |   130|
|9     |    INPUT_A                |Twos_complement_input   |    31|
|10    |    INPUT_B                |Twos_complement_input_1 |    63|
+------+---------------------------+------------------------+------+
---------------------------------------------------------------------------------
Finished Writing Synthesis Report : Time (s): cpu = 00:01:04 ; elapsed = 00:01:13 . Memory (MB): peak = 909.113 ; gain = 569.566
---------------------------------------------------------------------------------
Synthesis finished with 0 errors, 0 critical warnings and 0 warnings.
Synthesis Optimization Runtime : Time (s): cpu = 00:00:44 ; elapsed = 00:00:58 . Memory (MB): peak = 909.113 ; gain = 204.172
Synthesis Optimization Complete : Time (s): cpu = 00:01:04 ; elapsed = 00:01:13 . Memory (MB): peak = 909.113 ; gain = 569.566
INFO: [Project 1-571] Translating synthesized netlist
INFO: [Netlist 29-17] Analyzing 11 Unisim elements for replacement
INFO: [Netlist 29-28] Unisim Transformation completed in 0 CPU seconds
INFO: [Project 1-570] Preparing netlist for logic optimization
INFO: [Opt 31-138] Pushed 0 inverter(s) to 0 load pin(s).
Netlist sorting complete. Time (s): cpu = 00:00:00 ; elapsed = 00:00:00 . Memory (MB): peak = 909.113 ; gain = 0.000
INFO: [Project 1-111] Unisim Transformation Summary:
No Unisim elements were transformed.

INFO: [Common 17-83] Releasing license: Synthesis
236 Infos, 8 Warnings, 0 Critical Warnings and 0 Errors encountered.
synth_design completed successfully
synth_design: Time (s): cpu = 00:01:07 ; elapsed = 00:01:17 . Memory (MB): peak = 909.113 ; gain = 582.574
Netlist sorting complete. Time (s): cpu = 00:00:00 ; elapsed = 00:00:00 . Memory (MB): peak = 909.113 ; gain = 0.000
WARNING: [Constraints 18-5210] No constraints selected for write.
Resolution: This message can indicate that there are no constraints for the design, or it can indicate that the used_in flags are set such that the constraints are ignored. This later case is used when running synth_design to not write synthesis constraints to the resulting checkpoint. Instead, project constraints are read when the synthesized design is opened.
INFO: [Common 17-1381] The checkpoint 'C:/Users/Carmen/Desktop/Memoria/Codigo_VHDL/MAC_8bits/MAC_8bits.runs/synth_1/MAC.dcp' has been generated.
INFO: [runtcl-4] Executing : report_utilization -file MAC_utilization_synth.rpt -pb MAC_utilization_synth.pb
INFO: [Common 17-206] Exiting Vivado at Thu Jun 20 18:11:19 2019...
